[2J[001;001H[=3h[2J[001;001H[2J[001;001H[8;056;240t[2J[001;001H[2J[001;001H[=3h[2J[001;001H[2J[001;001H[8;042;160t[2J[001;001HBdsDxe: loading Boot0002 "UEFI QEMU HARDDISK QM00001 " from PciRoot(0x0)/Pci(0x1,0x1)/Ata(Primary,Master,0x0)
BdsDxe: starting Boot0002 "UEFI QEMU HARDDISK QM00001 " from PciRoot(0x0)/Pci(0x1,0x1)/Ata(Primary,Master,0x0)
[ INFO]:  src/main.rs@036: ========================================
[ INFO]:  src/main.rs@037: NeoDOS Bootloader v0.9.0
[ INFO]:  src/main.rs@038: ========================================
[ INFO]:  src/main.rs@041: [+] Initializing GOP...
[ INFO]:  src/main.rs@054: [✓] Graphics: 1280x800 @ 0x80000000
[ INFO]:  src/main.rs@057: [+] Loading kernel ELF...
[ INFO]:  src/main.rs@062: [✓] Kernel loaded. Entry: 0x200000
[ INFO]:  src/main.rs@069: [+] Exiting boot services...
========================================
NeoDOS Kernel v0.9.0 - The Rusty DOS Revival
========================================
[+] Graphics initialized: 1280x800
[+] Initializing GDT...
[+] Initializing IDT...
[+] Initializing PIC...
[+] Initializing PS/2 controller...
[+] Enabling interrupts...
[+] Initializing heap allocator (16 MB @ 0x1000000)
[+] Heap allocator ready
[+] Initializing ATA driver...
[+] Scanning PCI for IDE bus-master DMA...
[+] ATA bus-master DMA enabled at BMBA 0xC040
[+] Parsing GPT for NeoDOS partition...
[+] NeoDOS partition found: LBA 206848..227327
[+] Initializing Block Cache...
[+] Reading Superblock...
[+] Mounting NeoDOS FS...
[✓] FS: Superblock loaded. Blocks: 2560, Inodes: 256
[+] NeoDOS FS mounted
[+] Block bitmap rebuilt
[+] Initializing FAT32 driver...
[FAT32] Boot partition ready
  Clusters: 1 sectors, FAT: 1576 sectors
  Root cluster: 2
[+] Initializing custom Page Tables...
[+] Custom Page Tables loaded: 4 GiB identity-mapped, user window 0x400000..0x800000
[+] Starting NeoDOS Shell...
NeoDOS v0.9.0 - FS Started
Type HELP for a list of commands.

C:\> vol
 Volume in drive C is NEODOS
 NeoDOS filesystem
C:\> device
Bad command or file name
C:\> ve  devices
Installed TSRs:
  None
C:\> dir
 Directory of C:\

  readme.txt
  test.bat
  SYSTEM
  HELLO.BIN
  SYSTEST.BIN
C:\> help
========================================
         N e o D O S  H E L P
========================================

  == FILE MANAGEMENT ==
  TYPE      Display file contents
  COPY      Copy file (COPY SRC DST)
  MD        Create directory
  DEL       Delete file
  REN       Rename file
  RENAME    Rename file
  RD        Remove empty directory
  RMDIR     Remove empty directory
  ATTRIB    Display/modify file attributes

  == NAVIGATION & DISKS ==
  DIR       List directory contents
  CD        Change directory / switch drive
  VOL       Show volume label
  LABEL     Display or set volume label
  DRIVES    List mounted drive letters

  == SYSTEM INFO ==
  CPUINFO   Show CPU vendor and brand
  MEM       Show memory usage
  PS        Show process list
  DATE      Display current date
  TIME      Display current time
  VER       Show kernel version

  == CONFIGURATION ==
  ECHO      Print text with %VAR% expansion
  SET       Display/set environment variables
  KEYB      Change layout (KEYB US|SP)

  == SYSTEM CONTROL ==
  HELP      Show this help
  CLS       Clear screen
  CALL      Execute a .BAT batch file
  SYNC      Flush disk cache to disk
  TSR       Load TSR (TSR FILE INT)
  DEVICES   List installed TSRs
  TEST      Run kernel self-tests
  RUN       Run flat binary in Ring 3 (RUN FILE.BIN)
  KILL      Terminate a process by PID

  == SHUTDOWN ==
  EXIT      Sync disk and halt
  SHUTDOWN  Power off the system
  POWEROFF  Power off the system

========================================
C:\> drives
Mounted drives:
  A:  FsInstance 1
  C:  FsInstance 0
C:\> 